Arguments: 
  C:\Program Files\nodejs\node.exe C:\Program Files (x86)\Yarn\bin\yarn.js add mongoose

PATH: 
  C:\Program Files (x86)\Common Files\Intel\Shared Libraries\redist\intel64_win\compiler;C:\Program Files (x86)\Common Files\Intel\Shared Libraries\redist\ia32\compiler;C:\Program Files (x86)\Common Files\Intel\Shared Libraries\redist\intel64\compiler;C:\Program Files (x86)\Common Files\Oracle\Java\javapath;C:\ProgramData\Boxstarter;C:\Windows\system32;C:\Windows;C:\Windows\System32\Wbem;C:\Windows\System32\WindowsPowerShell\v1.0\;C:\Windows\System32\OpenSSH\;C:\ProgramData\chocolatey\bin;C:\Program Files\Git\cmd;C:\Program Files\Java\jdk-11.0.2\bin;C:\Program Files\NVIDIA Corporation\NVIDIA NvDLISR;C:\Program Files\nodejs\;C:\Program Files\Microsoft SQL Server\130\Tools\Binn\;C:\MinGW\bin;C:\ProgramData\ComposerSetup\bin;C:\Program Files (x86)\NVIDIA Corporation\PhysX\Common;C:\Program Files (x86)\Yarn\bin\;C:\Users\Gabriel\AppData\Local\Programs\Python\Python37\Scripts\;C:\Users\Gabriel\AppData\Local\Programs\Python\Python37\;C:\Ruby25-x64\bin;C:\Users\Gabriel\AppData\Local\Microsoft\WindowsApps;C:\Users\Gabriel\AppData\Local\Programs\Microsoft VS Code\bin;C:\Users\Gabriel\AppData\Local\atom\bin;C:\Users\Gabriel\AppData\Roaming\npm;C:\Program Files\Android\Android Studio\jre\bin;C:\MinGW\bin;C:\php-7.3.6;C:\Users\Gabriel\AppData\Roaming\Composer\vendor\bin;C:\Program Files\curl-7.65.3-win64-mingw\bin;C:\tools\dart-sdk\bin;C:\Users\Gabriel\AppData\Roaming\Pub\Cache\bin;C:\Users\Gabriel\AppData\Local\Yarn\bin

Yarn version: 
  1.21.1

Node version: 
  13.6.0

Platform: 
  win32 x64

Trace: 
  Error: 7360:error:1408F119:SSL routines:ssl3_get_record:decryption failed or bad record mac:c:\ws\deps\openssl\openssl\ssl\record\ssl3_record.c:677:

npm manifest: 
  {
    "name": "backend",
    "version": "1.0.0",
    "description": "",
    "main": "index.js",
    "scripts": {
      "test": "echo \"Error: no test specified\" && exit 1"
    },
    "keywords": [],
    "author": "",
    "license": "ISC",
    "dependencies": {
      "express": "^4.17.1"
    },
    "devDependencies": {
      "nodemon": "^2.0.2"
    }
  }

yarn manifest: 
  No manifest

Lockfile: 
  No lockfile
